{"C:\\Users\\moham\\Desktop\\Hacktiv8\\Phase3\\Final Project\\server\\app.js": {"path":"C:\\Users\\moham\\Desktop\\Hacktiv8\\Phase3\\Final Project\\server\\app.js","statementMap":{"0":{"start":{"line":1,"column":0},"end":{"line":1,"column":70}},"1":{"start":{"line":1,"column":43},"end":{"line":1,"column":70}},"2":{"start":{"line":3,"column":16},"end":{"line":3,"column":34}},"3":{"start":{"line":4,"column":12},"end":{"line":4,"column":21}},"4":{"start":{"line":5,"column":13},"end":{"line":5,"column":28}},"5":{"start":{"line":6,"column":15},"end":{"line":6,"column":35}},"6":{"start":{"line":7,"column":11},"end":{"line":7,"column":46}},"7":{"start":{"line":9,"column":0},"end":{"line":9,"column":16}},"8":{"start":{"line":10,"column":0},"end":{"line":10,"column":49}},"9":{"start":{"line":11,"column":0},"end":{"line":11,"column":24}},"10":{"start":{"line":12,"column":0},"end":{"line":12,"column":16}},"11":{"start":{"line":14,"column":0},"end":{"line":14,"column":21}}},"fnMap":{},"branchMap":{"0":{"loc":{"start":{"line":1,"column":0},"end":{"line":1,"column":70}},"type":"if","locations":[{"start":{"line":1,"column":0},"end":{"line":1,"column":70}},{"start":{},"end":{}}],"line":1}},"s":{"0":2,"1":2,"2":2,"3":2,"4":2,"5":2,"6":2,"7":2,"8":2,"9":2,"10":2,"11":2},"f":{},"b":{"0":[2,0]},"_coverageSchema":"1a1c01bbd47fc00a2c39e90264f33305004495a9","hash":"9f318fd8e9bdc796f8ff57ae611ef3d760b01fe7"}
,"C:\\Users\\moham\\Desktop\\Hacktiv8\\Phase3\\Final Project\\server\\config\\firebase.js": {"path":"C:\\Users\\moham\\Desktop\\Hacktiv8\\Phase3\\Final Project\\server\\config\\firebase.js","statementMap":{"0":{"start":{"line":1,"column":26},"end":{"line":1,"column":49}},"1":{"start":{"line":2,"column":24},"end":{"line":2,"column":52}},"2":{"start":{"line":4,"column":23},"end":{"line":12,"column":1}},"3":{"start":{"line":14,"column":12},"end":{"line":14,"column":41}},"4":{"start":{"line":15,"column":17},"end":{"line":15,"column":33}},"5":{"start":{"line":17,"column":0},"end":{"line":17,"column":26}}},"fnMap":{},"branchMap":{},"s":{"0":2,"1":2,"2":2,"3":2,"4":2,"5":2},"f":{},"b":{},"_coverageSchema":"1a1c01bbd47fc00a2c39e90264f33305004495a9","hash":"79ac48d8f63d93dcaca104ae676f6ff6eb72b21d"}
,"C:\\Users\\moham\\Desktop\\Hacktiv8\\Phase3\\Final Project\\server\\config\\mongoConnection.js": {"path":"C:\\Users\\moham\\Desktop\\Hacktiv8\\Phase3\\Final Project\\server\\config\\mongoConnection.js","statementMap":{"0":{"start":{"line":1,"column":17},"end":{"line":1,"column":36}},"1":{"start":{"line":2,"column":15},"end":{"line":2,"column":27}},"2":{"start":{"line":3,"column":12},"end":{"line":5,"column":32}},"3":{"start":{"line":7,"column":0},"end":{"line":7,"column":91}},"4":{"start":{"line":9,"column":11},"end":{"line":9,"column":30}},"5":{"start":{"line":10,"column":0},"end":{"line":10,"column":65}},"6":{"start":{"line":11,"column":0},"end":{"line":13,"column":3}},"7":{"start":{"line":12,"column":2},"end":{"line":12,"column":64}},"8":{"start":{"line":15,"column":0},"end":{"line":15,"column":20}}},"fnMap":{"0":{"name":"(anonymous_0)","decl":{"start":{"line":11,"column":16},"end":{"line":11,"column":17}},"loc":{"start":{"line":11,"column":27},"end":{"line":13,"column":1}},"line":11}},"branchMap":{"0":{"loc":{"start":{"line":3,"column":12},"end":{"line":5,"column":32}},"type":"cond-expr","locations":[{"start":{"line":4,"column":4},"end":{"line":4,"column":26}},{"start":{"line":5,"column":4},"end":{"line":5,"column":32}}],"line":3}},"s":{"0":2,"1":2,"2":2,"3":2,"4":2,"5":2,"6":2,"7":2,"8":2},"f":{"0":2},"b":{"0":[2,0]},"_coverageSchema":"1a1c01bbd47fc00a2c39e90264f33305004495a9","hash":"93490eaa8d8edaaf62f34f1264f00b5e01e5a6b8"}
,"C:\\Users\\moham\\Desktop\\Hacktiv8\\Phase3\\Final Project\\server\\controllers\\iotController.js": {"path":"C:\\Users\\moham\\Desktop\\Hacktiv8\\Phase3\\Final Project\\server\\controllers\\iotController.js","statementMap":{"0":{"start":{"line":1,"column":16},"end":{"line":1,"column":44}},"1":{"start":{"line":2,"column":12},"end":{"line":2,"column":36}},"2":{"start":{"line":3,"column":13},"end":{"line":3,"column":38}},"3":{"start":{"line":7,"column":4},"end":{"line":12,"column":5}},"4":{"start":{"line":8,"column":22},"end":{"line":8,"column":41}},"5":{"start":{"line":9,"column":6},"end":{"line":9,"column":36}},"6":{"start":{"line":11,"column":6},"end":{"line":11,"column":18}},"7":{"start":{"line":16,"column":4},"end":{"line":22,"column":5}},"8":{"start":{"line":17,"column":25},"end":{"line":17,"column":35}},"9":{"start":{"line":18,"column":21},"end":{"line":18,"column":47}},"10":{"start":{"line":19,"column":6},"end":{"line":19,"column":35}},"11":{"start":{"line":21,"column":6},"end":{"line":21,"column":18}},"12":{"start":{"line":26,"column":4},"end":{"line":48,"column":5}},"13":{"start":{"line":27,"column":25},"end":{"line":27,"column":35}},"14":{"start":{"line":28,"column":27},"end":{"line":28,"column":35}},"15":{"start":{"line":30,"column":26},"end":{"line":30,"column":53}},"16":{"start":{"line":31,"column":6},"end":{"line":31,"column":51}},"17":{"start":{"line":31,"column":24},"end":{"line":31,"column":51}},"18":{"start":{"line":33,"column":29},"end":{"line":37,"column":8}},"19":{"start":{"line":39,"column":6},"end":{"line":39,"column":53}},"20":{"start":{"line":40,"column":6},"end":{"line":40,"column":26}},"21":{"start":{"line":41,"column":6},"end":{"line":41,"column":30}},"22":{"start":{"line":43,"column":6},"end":{"line":43,"column":31}},"23":{"start":{"line":45,"column":6},"end":{"line":45,"column":50}},"24":{"start":{"line":47,"column":6},"end":{"line":47,"column":18}},"25":{"start":{"line":52,"column":0},"end":{"line":52,"column":31}}},"fnMap":{"0":{"name":"(anonymous_0)","decl":{"start":{"line":6,"column":2},"end":{"line":6,"column":3}},"loc":{"start":{"line":6,"column":46},"end":{"line":13,"column":3}},"line":6},"1":{"name":"(anonymous_1)","decl":{"start":{"line":15,"column":2},"end":{"line":15,"column":3}},"loc":{"start":{"line":15,"column":43},"end":{"line":23,"column":3}},"line":15},"2":{"name":"(anonymous_2)","decl":{"start":{"line":25,"column":2},"end":{"line":25,"column":3}},"loc":{"start":{"line":25,"column":47},"end":{"line":49,"column":3}},"line":25}},"branchMap":{"0":{"loc":{"start":{"line":31,"column":6},"end":{"line":31,"column":51}},"type":"if","locations":[{"start":{"line":31,"column":6},"end":{"line":31,"column":51}},{"start":{},"end":{}}],"line":31}},"s":{"0":2,"1":2,"2":2,"3":1,"4":1,"5":1,"6":0,"7":1,"8":1,"9":1,"10":1,"11":0,"12":2,"13":2,"14":2,"15":2,"16":2,"17":1,"18":1,"19":1,"20":1,"21":1,"22":1,"23":1,"24":1,"25":2},"f":{"0":1,"1":1,"2":2},"b":{"0":[1,1]},"_coverageSchema":"1a1c01bbd47fc00a2c39e90264f33305004495a9","hash":"be293dc9ab93487e211d205df9f6cd6056442b45"}
,"C:\\Users\\moham\\Desktop\\Hacktiv8\\Phase3\\Final Project\\server\\controllers\\partnerController.js": {"path":"C:\\Users\\moham\\Desktop\\Hacktiv8\\Phase3\\Final Project\\server\\controllers\\partnerController.js","statementMap":{"0":{"start":{"line":1,"column":13},"end":{"line":1,"column":38}},"1":{"start":{"line":2,"column":16},"end":{"line":2,"column":44}},"2":{"start":{"line":3,"column":16},"end":{"line":3,"column":44}},"3":{"start":{"line":4,"column":15},"end":{"line":4,"column":42}},"4":{"start":{"line":8,"column":4},"end":{"line":22,"column":5}},"5":{"start":{"line":9,"column":20},"end":{"line":18,"column":29}},"6":{"start":{"line":19,"column":6},"end":{"line":19,"column":34}},"7":{"start":{"line":21,"column":6},"end":{"line":21,"column":18}},"8":{"start":{"line":26,"column":4},"end":{"line":41,"column":5}},"9":{"start":{"line":27,"column":21},"end":{"line":27,"column":31}},"10":{"start":{"line":28,"column":19},"end":{"line":37,"column":29}},"11":{"start":{"line":38,"column":6},"end":{"line":38,"column":33}},"12":{"start":{"line":40,"column":6},"end":{"line":40,"column":18}},"13":{"start":{"line":45,"column":4},"end":{"line":67,"column":5}},"14":{"start":{"line":46,"column":21},"end":{"line":46,"column":29}},"15":{"start":{"line":47,"column":23},"end":{"line":47,"column":65}},"16":{"start":{"line":48,"column":22},"end":{"line":48,"column":64}},"17":{"start":{"line":50,"column":28},"end":{"line":54,"column":8}},"18":{"start":{"line":56,"column":26},"end":{"line":59,"column":8}},"19":{"start":{"line":61,"column":6},"end":{"line":61,"column":43}},"20":{"start":{"line":62,"column":6},"end":{"line":62,"column":33}},"21":{"start":{"line":64,"column":6},"end":{"line":64,"column":73}},"22":{"start":{"line":66,"column":6},"end":{"line":66,"column":18}},"23":{"start":{"line":71,"column":4},"end":{"line":85,"column":5}},"24":{"start":{"line":72,"column":25},"end":{"line":72,"column":35}},"25":{"start":{"line":73,"column":57},"end":{"line":73,"column":65}},"26":{"start":{"line":75,"column":26},"end":{"line":75,"column":53}},"27":{"start":{"line":76,"column":6},"end":{"line":76,"column":51}},"28":{"start":{"line":76,"column":24},"end":{"line":76,"column":51}},"29":{"start":{"line":78,"column":29},"end":{"line":78,"column":101}},"30":{"start":{"line":79,"column":6},"end":{"line":79,"column":52}},"31":{"start":{"line":80,"column":6},"end":{"line":80,"column":31}},"32":{"start":{"line":82,"column":6},"end":{"line":82,"column":43}},"33":{"start":{"line":84,"column":6},"end":{"line":84,"column":18}},"34":{"start":{"line":89,"column":4},"end":{"line":95,"column":5}},"35":{"start":{"line":90,"column":23},"end":{"line":90,"column":43}},"36":{"start":{"line":91,"column":6},"end":{"line":91,"column":37}},"37":{"start":{"line":93,"column":6},"end":{"line":93,"column":38}},"38":{"start":{"line":94,"column":6},"end":{"line":94,"column":18}},"39":{"start":{"line":99,"column":4},"end":{"line":106,"column":5}},"40":{"start":{"line":100,"column":21},"end":{"line":100,"column":31}},"41":{"start":{"line":101,"column":22},"end":{"line":101,"column":48}},"42":{"start":{"line":102,"column":6},"end":{"line":102,"column":47}},"43":{"start":{"line":102,"column":20},"end":{"line":102,"column":47}},"44":{"start":{"line":103,"column":6},"end":{"line":103,"column":36}},"45":{"start":{"line":105,"column":6},"end":{"line":105,"column":18}},"46":{"start":{"line":110,"column":4},"end":{"line":127,"column":5}},"47":{"start":{"line":111,"column":21},"end":{"line":111,"column":31}},"48":{"start":{"line":112,"column":57},"end":{"line":112,"column":65}},"49":{"start":{"line":114,"column":29},"end":{"line":114,"column":55}},"50":{"start":{"line":115,"column":6},"end":{"line":115,"column":54}},"51":{"start":{"line":115,"column":27},"end":{"line":115,"column":54}},"52":{"start":{"line":117,"column":6},"end":{"line":117,"column":39}},"53":{"start":{"line":118,"column":6},"end":{"line":118,"column":39}},"54":{"start":{"line":119,"column":6},"end":{"line":119,"column":39}},"55":{"start":{"line":120,"column":6},"end":{"line":120,"column":47}},"56":{"start":{"line":122,"column":29},"end":{"line":122,"column":56}},"57":{"start":{"line":124,"column":6},"end":{"line":124,"column":43}},"58":{"start":{"line":126,"column":6},"end":{"line":126,"column":18}},"59":{"start":{"line":131,"column":4},"end":{"line":138,"column":5}},"60":{"start":{"line":132,"column":21},"end":{"line":132,"column":31}},"61":{"start":{"line":133,"column":23},"end":{"line":133,"column":59}},"62":{"start":{"line":134,"column":6},"end":{"line":134,"column":66}},"63":{"start":{"line":134,"column":39},"end":{"line":134,"column":66}},"64":{"start":{"line":135,"column":6},"end":{"line":135,"column":59}},"65":{"start":{"line":137,"column":6},"end":{"line":137,"column":18}},"66":{"start":{"line":142,"column":0},"end":{"line":142,"column":35}}},"fnMap":{"0":{"name":"(anonymous_0)","decl":{"start":{"line":7,"column":2},"end":{"line":7,"column":3}},"loc":{"start":{"line":7,"column":41},"end":{"line":23,"column":3}},"line":7},"1":{"name":"(anonymous_1)","decl":{"start":{"line":25,"column":2},"end":{"line":25,"column":3}},"loc":{"start":{"line":25,"column":46},"end":{"line":42,"column":3}},"line":25},"2":{"name":"(anonymous_2)","decl":{"start":{"line":44,"column":2},"end":{"line":44,"column":3}},"loc":{"start":{"line":44,"column":48},"end":{"line":68,"column":3}},"line":44},"3":{"name":"(anonymous_3)","decl":{"start":{"line":70,"column":2},"end":{"line":70,"column":3}},"loc":{"start":{"line":70,"column":42},"end":{"line":86,"column":3}},"line":70},"4":{"name":"(anonymous_4)","decl":{"start":{"line":88,"column":2},"end":{"line":88,"column":3}},"loc":{"start":{"line":88,"column":43},"end":{"line":96,"column":3}},"line":88},"5":{"name":"(anonymous_5)","decl":{"start":{"line":98,"column":2},"end":{"line":98,"column":3}},"loc":{"start":{"line":98,"column":43},"end":{"line":107,"column":3}},"line":98},"6":{"name":"(anonymous_6)","decl":{"start":{"line":109,"column":2},"end":{"line":109,"column":3}},"loc":{"start":{"line":109,"column":45},"end":{"line":128,"column":3}},"line":109},"7":{"name":"(anonymous_7)","decl":{"start":{"line":130,"column":2},"end":{"line":130,"column":3}},"loc":{"start":{"line":130,"column":45},"end":{"line":139,"column":3}},"line":130}},"branchMap":{"0":{"loc":{"start":{"line":76,"column":6},"end":{"line":76,"column":51}},"type":"if","locations":[{"start":{"line":76,"column":6},"end":{"line":76,"column":51}},{"start":{},"end":{}}],"line":76},"1":{"loc":{"start":{"line":102,"column":6},"end":{"line":102,"column":47}},"type":"if","locations":[{"start":{"line":102,"column":6},"end":{"line":102,"column":47}},{"start":{},"end":{}}],"line":102},"2":{"loc":{"start":{"line":115,"column":6},"end":{"line":115,"column":54}},"type":"if","locations":[{"start":{"line":115,"column":6},"end":{"line":115,"column":54}},{"start":{},"end":{}}],"line":115},"3":{"loc":{"start":{"line":134,"column":6},"end":{"line":134,"column":66}},"type":"if","locations":[{"start":{"line":134,"column":6},"end":{"line":134,"column":66}},{"start":{},"end":{}}],"line":134}},"s":{"0":2,"1":2,"2":2,"3":2,"4":0,"5":0,"6":0,"7":0,"8":0,"9":0,"10":0,"11":0,"12":0,"13":0,"14":0,"15":0,"16":0,"17":0,"18":0,"19":0,"20":0,"21":0,"22":0,"23":0,"24":0,"25":0,"26":0,"27":0,"28":0,"29":0,"30":0,"31":0,"32":0,"33":0,"34":0,"35":0,"36":0,"37":0,"38":0,"39":0,"40":0,"41":0,"42":0,"43":0,"44":0,"45":0,"46":0,"47":0,"48":0,"49":0,"50":0,"51":0,"52":0,"53":0,"54":0,"55":0,"56":0,"57":0,"58":0,"59":0,"60":0,"61":0,"62":0,"63":0,"64":0,"65":0,"66":2},"f":{"0":0,"1":0,"2":0,"3":0,"4":0,"5":0,"6":0,"7":0},"b":{"0":[0,0],"1":[0,0],"2":[0,0],"3":[0,0]},"_coverageSchema":"1a1c01bbd47fc00a2c39e90264f33305004495a9","hash":"99dfcc8230293b3f924b8861f290d124cd2f76e7"}
,"C:\\Users\\moham\\Desktop\\Hacktiv8\\Phase3\\Final Project\\server\\controllers\\paymentController.js": {"path":"C:\\Users\\moham\\Desktop\\Hacktiv8\\Phase3\\Final Project\\server\\controllers\\paymentController.js","statementMap":{"0":{"start":{"line":1,"column":15},"end":{"line":1,"column":39}},"1":{"start":{"line":2,"column":14},"end":{"line":2,"column":40}},"2":{"start":{"line":13,"column":4},"end":{"line":42,"column":5}},"3":{"start":{"line":15,"column":34},"end":{"line":15,"column":42}},"4":{"start":{"line":19,"column":6},"end":{"line":23,"column":7}},"5":{"start":{"line":20,"column":8},"end":{"line":20,"column":47}},"6":{"start":{"line":22,"column":8},"end":{"line":22,"column":38}},"7":{"start":{"line":25,"column":22},"end":{"line":30,"column":8}},"8":{"start":{"line":32,"column":6},"end":{"line":32,"column":26}},"9":{"start":{"line":33,"column":6},"end":{"line":38,"column":8}},"10":{"start":{"line":39,"column":6},"end":{"line":39,"column":35}},"11":{"start":{"line":41,"column":6},"end":{"line":41,"column":17}},"12":{"start":{"line":49,"column":4},"end":{"line":63,"column":5}},"13":{"start":{"line":50,"column":20},"end":{"line":50,"column":36}},"14":{"start":{"line":51,"column":26},"end":{"line":51,"column":55}},"15":{"start":{"line":52,"column":6},"end":{"line":52,"column":51}},"16":{"start":{"line":52,"column":24},"end":{"line":52,"column":51}},"17":{"start":{"line":54,"column":6},"end":{"line":54,"column":37}},"18":{"start":{"line":55,"column":25},"end":{"line":55,"column":49}},"19":{"start":{"line":56,"column":6},"end":{"line":56,"column":39}},"20":{"start":{"line":61,"column":6},"end":{"line":61,"column":24}},"21":{"start":{"line":62,"column":6},"end":{"line":62,"column":17}},"22":{"start":{"line":66,"column":0},"end":{"line":66,"column":35}}},"fnMap":{"0":{"name":"(anonymous_0)","decl":{"start":{"line":12,"column":2},"end":{"line":12,"column":3}},"loc":{"start":{"line":12,"column":45},"end":{"line":43,"column":3}},"line":12},"1":{"name":"(anonymous_1)","decl":{"start":{"line":48,"column":2},"end":{"line":48,"column":3}},"loc":{"start":{"line":48,"column":36},"end":{"line":64,"column":3}},"line":48}},"branchMap":{"0":{"loc":{"start":{"line":19,"column":6},"end":{"line":23,"column":7}},"type":"if","locations":[{"start":{"line":19,"column":6},"end":{"line":23,"column":7}},{"start":{"line":21,"column":13},"end":{"line":23,"column":7}}],"line":19},"1":{"loc":{"start":{"line":52,"column":6},"end":{"line":52,"column":51}},"type":"if","locations":[{"start":{"line":52,"column":6},"end":{"line":52,"column":51}},{"start":{},"end":{}}],"line":52}},"s":{"0":2,"1":2,"2":0,"3":0,"4":0,"5":0,"6":0,"7":0,"8":0,"9":0,"10":0,"11":0,"12":0,"13":0,"14":0,"15":0,"16":0,"17":0,"18":0,"19":0,"20":0,"21":0,"22":2},"f":{"0":0,"1":0},"b":{"0":[0,0],"1":[0,0]},"_coverageSchema":"1a1c01bbd47fc00a2c39e90264f33305004495a9","hash":"42ca4d206a28cc924825cd4d8ef508900e1de0cb"}
,"C:\\Users\\moham\\Desktop\\Hacktiv8\\Phase3\\Final Project\\server\\controllers\\userController.js": {"path":"C:\\Users\\moham\\Desktop\\Hacktiv8\\Phase3\\Final Project\\server\\controllers\\userController.js","statementMap":{"0":{"start":{"line":1,"column":28},"end":{"line":1,"column":56}},"1":{"start":{"line":2,"column":24},"end":{"line":2,"column":49}},"2":{"start":{"line":3,"column":13},"end":{"line":3,"column":38}},"3":{"start":{"line":7,"column":4},"end":{"line":12,"column":5}},"4":{"start":{"line":8,"column":20},"end":{"line":8,"column":56}},"5":{"start":{"line":9,"column":6},"end":{"line":9,"column":34}},"6":{"start":{"line":11,"column":6},"end":{"line":11,"column":18}},"7":{"start":{"line":16,"column":4},"end":{"line":22,"column":5}},"8":{"start":{"line":17,"column":19},"end":{"line":17,"column":46}},"9":{"start":{"line":18,"column":6},"end":{"line":18,"column":32}},"10":{"start":{"line":19,"column":6},"end":{"line":19,"column":33}},"11":{"start":{"line":21,"column":6},"end":{"line":21,"column":18}},"12":{"start":{"line":26,"column":4},"end":{"line":42,"column":5}},"13":{"start":{"line":27,"column":34},"end":{"line":27,"column":42}},"14":{"start":{"line":28,"column":6},"end":{"line":28,"column":71}},"15":{"start":{"line":28,"column":31},"end":{"line":28,"column":71}},"16":{"start":{"line":30,"column":24},"end":{"line":30,"column":53}},"17":{"start":{"line":31,"column":6},"end":{"line":31,"column":61}},"18":{"start":{"line":31,"column":22},"end":{"line":31,"column":61}},"19":{"start":{"line":33,"column":31},"end":{"line":33,"column":76}},"20":{"start":{"line":34,"column":6},"end":{"line":34,"column":68}},"21":{"start":{"line":34,"column":29},"end":{"line":34,"column":68}},"22":{"start":{"line":36,"column":22},"end":{"line":36,"column":43}},"23":{"start":{"line":37,"column":27},"end":{"line":37,"column":47}},"24":{"start":{"line":39,"column":6},"end":{"line":39,"column":45}},"25":{"start":{"line":41,"column":6},"end":{"line":41,"column":18}},"26":{"start":{"line":46,"column":4},"end":{"line":60,"column":5}},"27":{"start":{"line":47,"column":21},"end":{"line":47,"column":31}},"28":{"start":{"line":48,"column":29},"end":{"line":48,"column":37}},"29":{"start":{"line":50,"column":26},"end":{"line":50,"column":49}},"30":{"start":{"line":51,"column":6},"end":{"line":51,"column":51}},"31":{"start":{"line":51,"column":24},"end":{"line":51,"column":51}},"32":{"start":{"line":53,"column":6},"end":{"line":53,"column":42}},"33":{"start":{"line":54,"column":6},"end":{"line":54,"column":31}},"34":{"start":{"line":56,"column":6},"end":{"line":56,"column":39}},"35":{"start":{"line":57,"column":6},"end":{"line":57,"column":40}},"36":{"start":{"line":59,"column":6},"end":{"line":59,"column":18}},"37":{"start":{"line":64,"column":0},"end":{"line":64,"column":32}}},"fnMap":{"0":{"name":"(anonymous_0)","decl":{"start":{"line":6,"column":2},"end":{"line":6,"column":3}},"loc":{"start":{"line":6,"column":41},"end":{"line":13,"column":3}},"line":6},"1":{"name":"(anonymous_1)","decl":{"start":{"line":15,"column":2},"end":{"line":15,"column":3}},"loc":{"start":{"line":15,"column":40},"end":{"line":23,"column":3}},"line":15},"2":{"name":"(anonymous_2)","decl":{"start":{"line":25,"column":2},"end":{"line":25,"column":3}},"loc":{"start":{"line":25,"column":38},"end":{"line":43,"column":3}},"line":25},"3":{"name":"(anonymous_3)","decl":{"start":{"line":45,"column":2},"end":{"line":45,"column":3}},"loc":{"start":{"line":45,"column":48},"end":{"line":61,"column":3}},"line":45}},"branchMap":{"0":{"loc":{"start":{"line":28,"column":6},"end":{"line":28,"column":71}},"type":"if","locations":[{"start":{"line":28,"column":6},"end":{"line":28,"column":71}},{"start":{},"end":{}}],"line":28},"1":{"loc":{"start":{"line":28,"column":10},"end":{"line":28,"column":29}},"type":"binary-expr","locations":[{"start":{"line":28,"column":10},"end":{"line":28,"column":16}},{"start":{"line":28,"column":20},"end":{"line":28,"column":29}}],"line":28},"2":{"loc":{"start":{"line":31,"column":6},"end":{"line":31,"column":61}},"type":"if","locations":[{"start":{"line":31,"column":6},"end":{"line":31,"column":61}},{"start":{},"end":{}}],"line":31},"3":{"loc":{"start":{"line":34,"column":6},"end":{"line":34,"column":68}},"type":"if","locations":[{"start":{"line":34,"column":6},"end":{"line":34,"column":68}},{"start":{},"end":{}}],"line":34},"4":{"loc":{"start":{"line":51,"column":6},"end":{"line":51,"column":51}},"type":"if","locations":[{"start":{"line":51,"column":6},"end":{"line":51,"column":51}},{"start":{},"end":{}}],"line":51}},"s":{"0":2,"1":2,"2":2,"3":1,"4":1,"5":1,"6":0,"7":1,"8":1,"9":1,"10":1,"11":0,"12":5,"13":5,"14":5,"15":2,"16":3,"17":3,"18":2,"19":1,"20":1,"21":0,"22":1,"23":1,"24":1,"25":4,"26":2,"27":2,"28":2,"29":2,"30":2,"31":1,"32":1,"33":1,"34":1,"35":1,"36":1,"37":2},"f":{"0":1,"1":1,"2":5,"3":2},"b":{"0":[2,3],"1":[5,4],"2":[2,1],"3":[0,1],"4":[1,1]},"_coverageSchema":"1a1c01bbd47fc00a2c39e90264f33305004495a9","hash":"95acbe5065cfee0160e9353e3795054f1c0ec2cd"}
,"C:\\Users\\moham\\Desktop\\Hacktiv8\\Phase3\\Final Project\\server\\helpers\\bcrypt.js": {"path":"C:\\Users\\moham\\Desktop\\Hacktiv8\\Phase3\\Final Project\\server\\helpers\\bcrypt.js","statementMap":{"0":{"start":{"line":1,"column":15},"end":{"line":1,"column":32}},"1":{"start":{"line":3,"column":21},"end":{"line":3,"column":64}},"2":{"start":{"line":3,"column":35},"end":{"line":3,"column":64}},"3":{"start":{"line":4,"column":24},"end":{"line":4,"column":98}},"4":{"start":{"line":4,"column":54},"end":{"line":4,"column":98}},"5":{"start":{"line":6,"column":0},"end":{"line":6,"column":51}}},"fnMap":{"0":{"name":"(anonymous_0)","decl":{"start":{"line":3,"column":21},"end":{"line":3,"column":22}},"loc":{"start":{"line":3,"column":35},"end":{"line":3,"column":64}},"line":3},"1":{"name":"(anonymous_1)","decl":{"start":{"line":4,"column":24},"end":{"line":4,"column":25}},"loc":{"start":{"line":4,"column":54},"end":{"line":4,"column":98}},"line":4}},"branchMap":{},"s":{"0":2,"1":2,"2":4,"3":2,"4":1,"5":2},"f":{"0":4,"1":1},"b":{},"_coverageSchema":"1a1c01bbd47fc00a2c39e90264f33305004495a9","hash":"9fe89bef7d17566d7c2d389af67bf187fb5c9d8b"}
,"C:\\Users\\moham\\Desktop\\Hacktiv8\\Phase3\\Final Project\\server\\helpers\\jwt.js": {"path":"C:\\Users\\moham\\Desktop\\Hacktiv8\\Phase3\\Final Project\\server\\helpers\\jwt.js","statementMap":{"0":{"start":{"line":1,"column":12},"end":{"line":1,"column":35}},"1":{"start":{"line":3,"column":20},"end":{"line":3,"column":78}},"2":{"start":{"line":3,"column":33},"end":{"line":3,"column":78}},"3":{"start":{"line":4,"column":20},"end":{"line":4,"column":76}},"4":{"start":{"line":4,"column":31},"end":{"line":4,"column":76}},"5":{"start":{"line":6,"column":0},"end":{"line":6,"column":46}}},"fnMap":{"0":{"name":"(anonymous_0)","decl":{"start":{"line":3,"column":20},"end":{"line":3,"column":21}},"loc":{"start":{"line":3,"column":33},"end":{"line":3,"column":78}},"line":3},"1":{"name":"(anonymous_1)","decl":{"start":{"line":4,"column":20},"end":{"line":4,"column":21}},"loc":{"start":{"line":4,"column":31},"end":{"line":4,"column":76}},"line":4}},"branchMap":{},"s":{"0":2,"1":2,"2":1,"3":2,"4":0,"5":2},"f":{"0":1,"1":0},"b":{},"_coverageSchema":"1a1c01bbd47fc00a2c39e90264f33305004495a9","hash":"8269620c5d022d5d9b7cafc4491a2e53c72a6154"}
,"C:\\Users\\moham\\Desktop\\Hacktiv8\\Phase3\\Final Project\\server\\lib\\xendit.js": {"path":"C:\\Users\\moham\\Desktop\\Hacktiv8\\Phase3\\Final Project\\server\\lib\\xendit.js","statementMap":{"0":{"start":{"line":1,"column":14},"end":{"line":1,"column":30}},"1":{"start":{"line":2,"column":23},"end":{"line":2,"column":133}},"2":{"start":{"line":3,"column":23},"end":{"line":3,"column":47}},"3":{"start":{"line":5,"column":0},"end":{"line":22,"column":1}},"4":{"start":{"line":6,"column":26},"end":{"line":21,"column":5}},"5":{"start":{"line":7,"column":8},"end":{"line":20,"column":9}},"6":{"start":{"line":8,"column":28},"end":{"line":10,"column":13}},"7":{"start":{"line":11,"column":29},"end":{"line":16,"column":14}},"8":{"start":{"line":17,"column":12},"end":{"line":17,"column":32}},"9":{"start":{"line":19,"column":12},"end":{"line":19,"column":44}}},"fnMap":{"0":{"name":"(anonymous_0)","decl":{"start":{"line":6,"column":26},"end":{"line":6,"column":27}},"loc":{"start":{"line":6,"column":42},"end":{"line":21,"column":5}},"line":6}},"branchMap":{},"s":{"0":2,"1":2,"2":2,"3":2,"4":2,"5":0,"6":0,"7":0,"8":0,"9":0},"f":{"0":0},"b":{},"_coverageSchema":"1a1c01bbd47fc00a2c39e90264f33305004495a9","hash":"68df29ed23f843b96c6bfa2fcfc863f760e98ffa"}
,"C:\\Users\\moham\\Desktop\\Hacktiv8\\Phase3\\Final Project\\server\\middlewares\\authentication.js": {"path":"C:\\Users\\moham\\Desktop\\Hacktiv8\\Phase3\\Final Project\\server\\middlewares\\authentication.js","statementMap":{"0":{"start":{"line":1,"column":24},"end":{"line":1,"column":49}},"1":{"start":{"line":2,"column":13},"end":{"line":2,"column":38}},"2":{"start":{"line":4,"column":23},"end":{"line":24,"column":1}},"3":{"start":{"line":5,"column":2},"end":{"line":23,"column":3}},"4":{"start":{"line":6,"column":29},"end":{"line":6,"column":40}},"5":{"start":{"line":7,"column":4},"end":{"line":7,"column":57}},"6":{"start":{"line":7,"column":23},"end":{"line":7,"column":57}},"7":{"start":{"line":9,"column":20},"end":{"line":9,"column":45}},"8":{"start":{"line":11,"column":24},"end":{"line":11,"column":55}},"9":{"start":{"line":12,"column":4},"end":{"line":12,"column":56}},"10":{"start":{"line":12,"column":22},"end":{"line":12,"column":56}},"11":{"start":{"line":14,"column":4},"end":{"line":18,"column":5}},"12":{"start":{"line":20,"column":4},"end":{"line":20,"column":11}},"13":{"start":{"line":22,"column":4},"end":{"line":22,"column":16}},"14":{"start":{"line":26,"column":0},"end":{"line":26,"column":36}}},"fnMap":{"0":{"name":"(anonymous_0)","decl":{"start":{"line":4,"column":23},"end":{"line":4,"column":24}},"loc":{"start":{"line":4,"column":49},"end":{"line":24,"column":1}},"line":4}},"branchMap":{"0":{"loc":{"start":{"line":7,"column":4},"end":{"line":7,"column":57}},"type":"if","locations":[{"start":{"line":7,"column":4},"end":{"line":7,"column":57}},{"start":{},"end":{}}],"line":7},"1":{"loc":{"start":{"line":12,"column":4},"end":{"line":12,"column":56}},"type":"if","locations":[{"start":{"line":12,"column":4},"end":{"line":12,"column":56}},{"start":{},"end":{}}],"line":12}},"s":{"0":2,"1":2,"2":2,"3":0,"4":0,"5":0,"6":0,"7":0,"8":0,"9":0,"10":0,"11":0,"12":0,"13":0,"14":2},"f":{"0":0},"b":{"0":[0,0],"1":[0,0]},"_coverageSchema":"1a1c01bbd47fc00a2c39e90264f33305004495a9","hash":"0cc82268325f5b9bd5c5e9ce0d019b05194730b1"}
,"C:\\Users\\moham\\Desktop\\Hacktiv8\\Phase3\\Final Project\\server\\middlewares\\errorHandler.js": {"path":"C:\\Users\\moham\\Desktop\\Hacktiv8\\Phase3\\Final Project\\server\\middlewares\\errorHandler.js","statementMap":{"0":{"start":{"line":1,"column":21},"end":{"line":35,"column":1}},"1":{"start":{"line":2,"column":2},"end":{"line":2,"column":21}},"2":{"start":{"line":3,"column":2},"end":{"line":3,"column":26}},"3":{"start":{"line":4,"column":2},"end":{"line":34,"column":3}},"4":{"start":{"line":7,"column":6},"end":{"line":7,"column":55}},"5":{"start":{"line":8,"column":6},"end":{"line":8,"column":12}},"6":{"start":{"line":11,"column":6},"end":{"line":11,"column":74}},"7":{"start":{"line":12,"column":6},"end":{"line":12,"column":12}},"8":{"start":{"line":19,"column":6},"end":{"line":19,"column":72}},"9":{"start":{"line":20,"column":6},"end":{"line":20,"column":12}},"10":{"start":{"line":24,"column":6},"end":{"line":24,"column":62}},"11":{"start":{"line":25,"column":6},"end":{"line":25,"column":12}},"12":{"start":{"line":28,"column":6},"end":{"line":28,"column":58}},"13":{"start":{"line":29,"column":6},"end":{"line":29,"column":12}},"14":{"start":{"line":32,"column":6},"end":{"line":32,"column":65}},"15":{"start":{"line":33,"column":6},"end":{"line":33,"column":12}},"16":{"start":{"line":39,"column":0},"end":{"line":39,"column":34}}},"fnMap":{"0":{"name":"(anonymous_0)","decl":{"start":{"line":1,"column":21},"end":{"line":1,"column":22}},"loc":{"start":{"line":1,"column":48},"end":{"line":35,"column":1}},"line":1}},"branchMap":{"0":{"loc":{"start":{"line":4,"column":2},"end":{"line":34,"column":3}},"type":"switch","locations":[{"start":{"line":5,"column":4},"end":{"line":5,"column":27}},{"start":{"line":6,"column":4},"end":{"line":8,"column":12}},{"start":{"line":10,"column":4},"end":{"line":12,"column":12}},{"start":{"line":18,"column":4},"end":{"line":20,"column":12}},{"start":{"line":22,"column":4},"end":{"line":22,"column":27}},{"start":{"line":23,"column":4},"end":{"line":25,"column":12}},{"start":{"line":27,"column":4},"end":{"line":29,"column":12}},{"start":{"line":31,"column":4},"end":{"line":33,"column":12}}],"line":4}},"s":{"0":2,"1":6,"2":6,"3":6,"4":0,"5":0,"6":2,"7":2,"8":2,"9":2,"10":0,"11":0,"12":2,"13":2,"14":0,"15":0,"16":2},"f":{"0":6},"b":{"0":[0,0,2,2,0,0,2,0]},"_coverageSchema":"1a1c01bbd47fc00a2c39e90264f33305004495a9","hash":"0e91314b8050ed3b8c43da8ace13a6ee96f235e4"}
,"C:\\Users\\moham\\Desktop\\Hacktiv8\\Phase3\\Final Project\\server\\models\\device.js": {"path":"C:\\Users\\moham\\Desktop\\Hacktiv8\\Phase3\\Final Project\\server\\models\\device.js","statementMap":{"0":{"start":{"line":1,"column":17},"end":{"line":1,"column":36}},"1":{"start":{"line":2,"column":19},"end":{"line":2,"column":27}},"2":{"start":{"line":4,"column":21},"end":{"line":21,"column":24}},"3":{"start":{"line":23,"column":15},"end":{"line":23,"column":53}},"4":{"start":{"line":25,"column":0},"end":{"line":25,"column":24}}},"fnMap":{},"branchMap":{},"s":{"0":2,"1":2,"2":2,"3":2,"4":2},"f":{},"b":{},"_coverageSchema":"1a1c01bbd47fc00a2c39e90264f33305004495a9","hash":"2ef71f1b6b65ab6c82e10fd976e8fd679f853a0e"}
,"C:\\Users\\moham\\Desktop\\Hacktiv8\\Phase3\\Final Project\\server\\models\\harvest.js": {"path":"C:\\Users\\moham\\Desktop\\Hacktiv8\\Phase3\\Final Project\\server\\models\\harvest.js","statementMap":{"0":{"start":{"line":1,"column":17},"end":{"line":1,"column":36}},"1":{"start":{"line":2,"column":19},"end":{"line":2,"column":27}},"2":{"start":{"line":4,"column":22},"end":{"line":24,"column":24}},"3":{"start":{"line":26,"column":16},"end":{"line":26,"column":56}},"4":{"start":{"line":28,"column":0},"end":{"line":28,"column":25}}},"fnMap":{},"branchMap":{},"s":{"0":2,"1":2,"2":2,"3":2,"4":2},"f":{},"b":{},"_coverageSchema":"1a1c01bbd47fc00a2c39e90264f33305004495a9","hash":"f727a9acc4565ddf2629582a51a9418213dc29b2"}
,"C:\\Users\\moham\\Desktop\\Hacktiv8\\Phase3\\Final Project\\server\\models\\history.js": {"path":"C:\\Users\\moham\\Desktop\\Hacktiv8\\Phase3\\Final Project\\server\\models\\history.js","statementMap":{"0":{"start":{"line":1,"column":17},"end":{"line":1,"column":36}},"1":{"start":{"line":2,"column":19},"end":{"line":2,"column":27}},"2":{"start":{"line":4,"column":22},"end":{"line":15,"column":24}},"3":{"start":{"line":17,"column":16},"end":{"line":17,"column":56}},"4":{"start":{"line":19,"column":0},"end":{"line":19,"column":25}}},"fnMap":{},"branchMap":{},"s":{"0":2,"1":2,"2":2,"3":2,"4":2},"f":{},"b":{},"_coverageSchema":"1a1c01bbd47fc00a2c39e90264f33305004495a9","hash":"1ce23ba3f2406fbb1c0d3d49b33da0d4e3d673cc"}
,"C:\\Users\\moham\\Desktop\\Hacktiv8\\Phase3\\Final Project\\server\\models\\iot.js": {"path":"C:\\Users\\moham\\Desktop\\Hacktiv8\\Phase3\\Final Project\\server\\models\\iot.js","statementMap":{"0":{"start":{"line":1,"column":17},"end":{"line":1,"column":46}},"1":{"start":{"line":2,"column":21},"end":{"line":2,"column":49}},"2":{"start":{"line":6,"column":20},"end":{"line":6,"column":33}},"3":{"start":{"line":7,"column":4},"end":{"line":13,"column":5}},"4":{"start":{"line":8,"column":23},"end":{"line":8,"column":41}},"5":{"start":{"line":9,"column":19},"end":{"line":9,"column":33}},"6":{"start":{"line":10,"column":6},"end":{"line":10,"column":18}},"7":{"start":{"line":12,"column":6},"end":{"line":12,"column":56}},"8":{"start":{"line":17,"column":20},"end":{"line":17,"column":43}},"9":{"start":{"line":18,"column":4},"end":{"line":24,"column":5}},"10":{"start":{"line":19,"column":23},"end":{"line":19,"column":41}},"11":{"start":{"line":20,"column":19},"end":{"line":20,"column":33}},"12":{"start":{"line":21,"column":6},"end":{"line":21,"column":18}},"13":{"start":{"line":23,"column":6},"end":{"line":23,"column":56}},"14":{"start":{"line":28,"column":0},"end":{"line":28,"column":21}}},"fnMap":{"0":{"name":"(anonymous_0)","decl":{"start":{"line":5,"column":2},"end":{"line":5,"column":3}},"loc":{"start":{"line":5,"column":25},"end":{"line":14,"column":3}},"line":5},"1":{"name":"(anonymous_1)","decl":{"start":{"line":16,"column":2},"end":{"line":16,"column":3}},"loc":{"start":{"line":16,"column":28},"end":{"line":25,"column":3}},"line":16}},"branchMap":{},"s":{"0":2,"1":2,"2":1,"3":1,"4":1,"5":1,"6":1,"7":0,"8":1,"9":1,"10":1,"11":1,"12":1,"13":0,"14":2},"f":{"0":1,"1":1},"b":{},"_coverageSchema":"1a1c01bbd47fc00a2c39e90264f33305004495a9","hash":"3ab2a0f2a2d297a9e0fbaf34a7cb351e09cb4dc5"}
,"C:\\Users\\moham\\Desktop\\Hacktiv8\\Phase3\\Final Project\\server\\models\\order.js": {"path":"C:\\Users\\moham\\Desktop\\Hacktiv8\\Phase3\\Final Project\\server\\models\\order.js","statementMap":{"0":{"start":{"line":1,"column":17},"end":{"line":1,"column":36}},"1":{"start":{"line":3,"column":20},"end":{"line":22,"column":24}},"2":{"start":{"line":24,"column":14},"end":{"line":24,"column":50}},"3":{"start":{"line":26,"column":0},"end":{"line":26,"column":23}}},"fnMap":{},"branchMap":{},"s":{"0":2,"1":2,"2":2,"3":2},"f":{},"b":{},"_coverageSchema":"1a1c01bbd47fc00a2c39e90264f33305004495a9","hash":"24d00ea97bb7e82416d27091fb33a6622e833fca"}
,"C:\\Users\\moham\\Desktop\\Hacktiv8\\Phase3\\Final Project\\server\\models\\pond.js": {"path":"C:\\Users\\moham\\Desktop\\Hacktiv8\\Phase3\\Final Project\\server\\models\\pond.js","statementMap":{"0":{"start":{"line":1,"column":17},"end":{"line":1,"column":36}},"1":{"start":{"line":2,"column":19},"end":{"line":2,"column":27}},"2":{"start":{"line":4,"column":19},"end":{"line":33,"column":24}},"3":{"start":{"line":35,"column":13},"end":{"line":35,"column":47}},"4":{"start":{"line":37,"column":0},"end":{"line":37,"column":22}}},"fnMap":{},"branchMap":{},"s":{"0":2,"1":2,"2":2,"3":2,"4":2},"f":{},"b":{},"_coverageSchema":"1a1c01bbd47fc00a2c39e90264f33305004495a9","hash":"27bcacde2768a19ecf2d9a140a2e2d6d9f7fc6c3"}
,"C:\\Users\\moham\\Desktop\\Hacktiv8\\Phase3\\Final Project\\server\\models\\user.js": {"path":"C:\\Users\\moham\\Desktop\\Hacktiv8\\Phase3\\Final Project\\server\\models\\user.js","statementMap":{"0":{"start":{"line":1,"column":17},"end":{"line":1,"column":36}},"1":{"start":{"line":2,"column":25},"end":{"line":2,"column":53}},"2":{"start":{"line":3,"column":19},"end":{"line":3,"column":27}},"3":{"start":{"line":5,"column":19},"end":{"line":24,"column":24}},"4":{"start":{"line":26,"column":0},"end":{"line":30,"column":3}},"5":{"start":{"line":27,"column":2},"end":{"line":27,"column":50}},"6":{"start":{"line":27,"column":36},"end":{"line":27,"column":50}},"7":{"start":{"line":28,"column":2},"end":{"line":28,"column":46}},"8":{"start":{"line":29,"column":2},"end":{"line":29,"column":9}},"9":{"start":{"line":32,"column":13},"end":{"line":32,"column":47}},"10":{"start":{"line":34,"column":0},"end":{"line":34,"column":22}}},"fnMap":{"0":{"name":"(anonymous_0)","decl":{"start":{"line":26,"column":23},"end":{"line":26,"column":24}},"loc":{"start":{"line":26,"column":38},"end":{"line":30,"column":1}},"line":26}},"branchMap":{"0":{"loc":{"start":{"line":27,"column":2},"end":{"line":27,"column":50}},"type":"if","locations":[{"start":{"line":27,"column":2},"end":{"line":27,"column":50}},{"start":{},"end":{}}],"line":27}},"s":{"0":2,"1":2,"2":2,"3":2,"4":2,"5":5,"6":1,"7":4,"8":4,"9":2,"10":2},"f":{"0":5},"b":{"0":[1,4]},"_coverageSchema":"1a1c01bbd47fc00a2c39e90264f33305004495a9","hash":"4f77e95125859bec5c1f931cfaf51e25cdba5303"}
,"C:\\Users\\moham\\Desktop\\Hacktiv8\\Phase3\\Final Project\\server\\routers\\index.js": {"path":"C:\\Users\\moham\\Desktop\\Hacktiv8\\Phase3\\Final Project\\server\\routers\\index.js","statementMap":{"0":{"start":{"line":1,"column":15},"end":{"line":1,"column":42}},"1":{"start":{"line":2,"column":19},"end":{"line":2,"column":37}},"2":{"start":{"line":3,"column":18},"end":{"line":3,"column":34}},"3":{"start":{"line":4,"column":22},"end":{"line":4,"column":43}},"4":{"start":{"line":5,"column":22},"end":{"line":5,"column":42}},"5":{"start":{"line":6,"column":25},"end":{"line":6,"column":63}},"6":{"start":{"line":7,"column":27},"end":{"line":7,"column":67}},"7":{"start":{"line":10,"column":0},"end":{"line":10,"column":33}},"8":{"start":{"line":11,"column":0},"end":{"line":11,"column":30}},"9":{"start":{"line":12,"column":0},"end":{"line":12,"column":59}},"10":{"start":{"line":12,"column":39},"end":{"line":12,"column":58}},"11":{"start":{"line":13,"column":0},"end":{"line":13,"column":55}},"12":{"start":{"line":14,"column":0},"end":{"line":14,"column":55}},"13":{"start":{"line":15,"column":0},"end":{"line":15,"column":25}},"14":{"start":{"line":18,"column":0},"end":{"line":18,"column":24}}},"fnMap":{"0":{"name":"(anonymous_0)","decl":{"start":{"line":12,"column":24},"end":{"line":12,"column":25}},"loc":{"start":{"line":12,"column":39},"end":{"line":12,"column":58}},"line":12}},"branchMap":{},"s":{"0":2,"1":2,"2":2,"3":2,"4":2,"5":2,"6":2,"7":2,"8":2,"9":2,"10":0,"11":2,"12":2,"13":2,"14":2},"f":{"0":0},"b":{},"_coverageSchema":"1a1c01bbd47fc00a2c39e90264f33305004495a9","hash":"ea5b53e3ede81d05f3db41f75c5cd862bdd11c25"}
,"C:\\Users\\moham\\Desktop\\Hacktiv8\\Phase3\\Final Project\\server\\routers\\iot.js": {"path":"C:\\Users\\moham\\Desktop\\Hacktiv8\\Phase3\\Final Project\\server\\routers\\iot.js","statementMap":{"0":{"start":{"line":1,"column":15},"end":{"line":1,"column":42}},"1":{"start":{"line":2,"column":22},"end":{"line":2,"column":61}},"2":{"start":{"line":4,"column":0},"end":{"line":4,"column":52}},"3":{"start":{"line":5,"column":0},"end":{"line":5,"column":57}},"4":{"start":{"line":6,"column":0},"end":{"line":6,"column":62}},"5":{"start":{"line":8,"column":0},"end":{"line":8,"column":24}}},"fnMap":{},"branchMap":{},"s":{"0":2,"1":2,"2":2,"3":2,"4":2,"5":2},"f":{},"b":{},"_coverageSchema":"1a1c01bbd47fc00a2c39e90264f33305004495a9","hash":"a3830593aa6111c506b48cdda47f71205b81d047"}
,"C:\\Users\\moham\\Desktop\\Hacktiv8\\Phase3\\Final Project\\server\\routers\\partners.js": {"path":"C:\\Users\\moham\\Desktop\\Hacktiv8\\Phase3\\Final Project\\server\\routers\\partners.js","statementMap":{"0":{"start":{"line":1,"column":15},"end":{"line":1,"column":42}},"1":{"start":{"line":2,"column":26},"end":{"line":2,"column":69}},"2":{"start":{"line":4,"column":0},"end":{"line":4,"column":49}},"3":{"start":{"line":5,"column":0},"end":{"line":5,"column":58}},"4":{"start":{"line":6,"column":0},"end":{"line":6,"column":55}},"5":{"start":{"line":7,"column":0},"end":{"line":7,"column":58}},"6":{"start":{"line":8,"column":0},"end":{"line":8,"column":59}},"7":{"start":{"line":9,"column":0},"end":{"line":9,"column":63}},"8":{"start":{"line":10,"column":0},"end":{"line":10,"column":61}},"9":{"start":{"line":11,"column":0},"end":{"line":11,"column":64}},"10":{"start":{"line":13,"column":0},"end":{"line":13,"column":24}}},"fnMap":{},"branchMap":{},"s":{"0":2,"1":2,"2":2,"3":2,"4":2,"5":2,"6":2,"7":2,"8":2,"9":2,"10":2},"f":{},"b":{},"_coverageSchema":"1a1c01bbd47fc00a2c39e90264f33305004495a9","hash":"99620b2f7315c5636b3918ab1b04f34f3b47c3cd"}
,"C:\\Users\\moham\\Desktop\\Hacktiv8\\Phase3\\Final Project\\server\\routers\\payment.js": {"path":"C:\\Users\\moham\\Desktop\\Hacktiv8\\Phase3\\Final Project\\server\\routers\\payment.js","statementMap":{"0":{"start":{"line":1,"column":15},"end":{"line":1,"column":42}},"1":{"start":{"line":2,"column":26},"end":{"line":2,"column":69}},"2":{"start":{"line":4,"column":0},"end":{"line":4,"column":56}},"3":{"start":{"line":5,"column":0},"end":{"line":5,"column":42}},"4":{"start":{"line":8,"column":0},"end":{"line":8,"column":24}}},"fnMap":{},"branchMap":{},"s":{"0":2,"1":2,"2":2,"3":2,"4":2},"f":{},"b":{},"_coverageSchema":"1a1c01bbd47fc00a2c39e90264f33305004495a9","hash":"58b06f1ce46b0c58b7d919dbc6cd90870106a59c"}
,"C:\\Users\\moham\\Desktop\\Hacktiv8\\Phase3\\Final Project\\server\\routers\\users.js": {"path":"C:\\Users\\moham\\Desktop\\Hacktiv8\\Phase3\\Final Project\\server\\routers\\users.js","statementMap":{"0":{"start":{"line":1,"column":15},"end":{"line":1,"column":42}},"1":{"start":{"line":2,"column":23},"end":{"line":2,"column":63}},"2":{"start":{"line":4,"column":0},"end":{"line":4,"column":41}},"3":{"start":{"line":5,"column":0},"end":{"line":5,"column":50}},"4":{"start":{"line":6,"column":0},"end":{"line":6,"column":44}},"5":{"start":{"line":7,"column":0},"end":{"line":7,"column":65}},"6":{"start":{"line":9,"column":0},"end":{"line":9,"column":24}}},"fnMap":{},"branchMap":{},"s":{"0":2,"1":2,"2":2,"3":2,"4":2,"5":2,"6":2},"f":{},"b":{},"_coverageSchema":"1a1c01bbd47fc00a2c39e90264f33305004495a9","hash":"7c20b6ce746fd8384cf383ac60c23f6122616b4b"}
}
