{"C:\\Users\\syasy\\OneDrive\\Documents\\server\\controllers\\paymentController.js": {"path":"C:\\Users\\syasy\\OneDrive\\Documents\\server\\controllers\\paymentController.js","statementMap":{"0":{"start":{"line":1,"column":15},"end":{"line":1,"column":39}},"1":{"start":{"line":2,"column":14},"end":{"line":2,"column":40}},"2":{"start":{"line":3,"column":26},"end":{"line":3,"column":69}},"3":{"start":{"line":5,"column":0},"end":{"line":182,"column":2}},"4":{"start":{"line":6,"column":2},"end":{"line":141,"column":5}},"5":{"start":{"line":7,"column":4},"end":{"line":50,"column":7}},"6":{"start":{"line":8,"column":18},"end":{"line":17,"column":7}},"7":{"start":{"line":18,"column":18},"end":{"line":21,"column":7}},"8":{"start":{"line":22,"column":30},"end":{"line":29,"column":7}},"9":{"start":{"line":30,"column":28},"end":{"line":35,"column":7}},"10":{"start":{"line":36,"column":6},"end":{"line":36,"column":77}},"11":{"start":{"line":37,"column":6},"end":{"line":37,"column":64}},"12":{"start":{"line":39,"column":6},"end":{"line":39,"column":54}},"13":{"start":{"line":41,"column":6},"end":{"line":46,"column":9}},"14":{"start":{"line":47,"column":6},"end":{"line":47,"column":63}},"15":{"start":{"line":48,"column":6},"end":{"line":48,"column":51}},"16":{"start":{"line":49,"column":6},"end":{"line":49,"column":61}},"17":{"start":{"line":52,"column":4},"end":{"line":95,"column":7}},"18":{"start":{"line":53,"column":18},"end":{"line":62,"column":7}},"19":{"start":{"line":63,"column":18},"end":{"line":66,"column":7}},"20":{"start":{"line":67,"column":30},"end":{"line":74,"column":7}},"21":{"start":{"line":75,"column":28},"end":{"line":80,"column":7}},"22":{"start":{"line":81,"column":6},"end":{"line":81,"column":77}},"23":{"start":{"line":82,"column":6},"end":{"line":82,"column":64}},"24":{"start":{"line":84,"column":6},"end":{"line":84,"column":54}},"25":{"start":{"line":86,"column":6},"end":{"line":91,"column":9}},"26":{"start":{"line":92,"column":6},"end":{"line":92,"column":63}},"27":{"start":{"line":93,"column":6},"end":{"line":93,"column":51}},"28":{"start":{"line":94,"column":6},"end":{"line":94,"column":61}},"29":{"start":{"line":97,"column":4},"end":{"line":140,"column":7}},"30":{"start":{"line":98,"column":18},"end":{"line":107,"column":7}},"31":{"start":{"line":108,"column":18},"end":{"line":111,"column":7}},"32":{"start":{"line":112,"column":30},"end":{"line":119,"column":7}},"33":{"start":{"line":120,"column":28},"end":{"line":125,"column":7}},"34":{"start":{"line":126,"column":6},"end":{"line":126,"column":77}},"35":{"start":{"line":127,"column":6},"end":{"line":127,"column":64}},"36":{"start":{"line":129,"column":6},"end":{"line":129,"column":54}},"37":{"start":{"line":131,"column":6},"end":{"line":136,"column":9}},"38":{"start":{"line":137,"column":6},"end":{"line":137,"column":63}},"39":{"start":{"line":138,"column":6},"end":{"line":138,"column":51}},"40":{"start":{"line":139,"column":6},"end":{"line":139,"column":61}},"41":{"start":{"line":143,"column":2},"end":{"line":181,"column":5}},"42":{"start":{"line":144,"column":4},"end":{"line":180,"column":7}},"43":{"start":{"line":145,"column":6},"end":{"line":179,"column":9}},"44":{"start":{"line":146,"column":26},"end":{"line":150,"column":9}},"45":{"start":{"line":151,"column":8},"end":{"line":151,"column":63}},"46":{"start":{"line":152,"column":8},"end":{"line":152,"column":56}},"47":{"start":{"line":154,"column":20},"end":{"line":163,"column":9}},"48":{"start":{"line":164,"column":20},"end":{"line":167,"column":9}},"49":{"start":{"line":168,"column":21},"end":{"line":168,"column":30}},"50":{"start":{"line":170,"column":8},"end":{"line":170,"column":66}},"51":{"start":{"line":172,"column":8},"end":{"line":172,"column":88}},"52":{"start":{"line":173,"column":8},"end":{"line":176,"column":10}},"53":{"start":{"line":177,"column":8},"end":{"line":177,"column":53}},"54":{"start":{"line":178,"column":8},"end":{"line":178,"column":88}}},"fnMap":{"0":{"name":"(anonymous_0)","decl":{"start":{"line":5,"column":30},"end":{"line":5,"column":31}},"loc":{"start":{"line":5,"column":36},"end":{"line":182,"column":1}},"line":5},"1":{"name":"(anonymous_1)","decl":{"start":{"line":6,"column":28},"end":{"line":6,"column":29}},"loc":{"start":{"line":6,"column":34},"end":{"line":141,"column":3}},"line":6},"2":{"name":"(anonymous_2)","decl":{"start":{"line":7,"column":52},"end":{"line":7,"column":53}},"loc":{"start":{"line":7,"column":64},"end":{"line":50,"column":5}},"line":7},"3":{"name":"(anonymous_3)","decl":{"start":{"line":52,"column":68},"end":{"line":52,"column":69}},"loc":{"start":{"line":52,"column":80},"end":{"line":95,"column":5}},"line":52},"4":{"name":"(anonymous_4)","decl":{"start":{"line":97,"column":87},"end":{"line":97,"column":88}},"loc":{"start":{"line":97,"column":99},"end":{"line":140,"column":5}},"line":97},"5":{"name":"(anonymous_5)","decl":{"start":{"line":143,"column":32},"end":{"line":143,"column":33}},"loc":{"start":{"line":143,"column":38},"end":{"line":181,"column":3}},"line":143},"6":{"name":"(anonymous_6)","decl":{"start":{"line":144,"column":34},"end":{"line":144,"column":35}},"loc":{"start":{"line":144,"column":40},"end":{"line":180,"column":5}},"line":144},"7":{"name":"(anonymous_7)","decl":{"start":{"line":145,"column":50},"end":{"line":145,"column":51}},"loc":{"start":{"line":145,"column":62},"end":{"line":179,"column":7}},"line":145}},"branchMap":{},"s":{"0":1,"1":1,"2":1,"3":1,"4":1,"5":1,"6":1,"7":1,"8":1,"9":1,"10":1,"11":1,"12":1,"13":0,"14":0,"15":0,"16":0,"17":1,"18":1,"19":1,"20":1,"21":1,"22":1,"23":1,"24":1,"25":0,"26":0,"27":0,"28":0,"29":1,"30":1,"31":1,"32":1,"33":1,"34":1,"35":1,"36":1,"37":0,"38":0,"39":0,"40":0,"41":1,"42":1,"43":1,"44":1,"45":1,"46":1,"47":1,"48":1,"49":1,"50":1,"51":0,"52":0,"53":0,"54":0},"f":{"0":1,"1":1,"2":1,"3":1,"4":1,"5":1,"6":1,"7":1},"b":{},"_coverageSchema":"1a1c01bbd47fc00a2c39e90264f33305004495a9","hash":"94db123c0aef5e7fd713e1c3ae6fea313f9f5982"}
,"C:\\Users\\syasy\\OneDrive\\Documents\\server\\lib\\xendit.js": {"path":"C:\\Users\\syasy\\OneDrive\\Documents\\server\\lib\\xendit.js","statementMap":{"0":{"start":{"line":1,"column":14},"end":{"line":1,"column":30}},"1":{"start":{"line":2,"column":23},"end":{"line":2,"column":45}},"2":{"start":{"line":3,"column":23},"end":{"line":3,"column":47}},"3":{"start":{"line":4,"column":23},"end":{"line":4,"column":50}},"4":{"start":{"line":7,"column":0},"end":{"line":25,"column":1}},"5":{"start":{"line":8,"column":26},"end":{"line":24,"column":5}},"6":{"start":{"line":9,"column":8},"end":{"line":23,"column":9}},"7":{"start":{"line":10,"column":28},"end":{"line":13,"column":13}},"8":{"start":{"line":14,"column":29},"end":{"line":19,"column":14}},"9":{"start":{"line":20,"column":12},"end":{"line":20,"column":32}},"10":{"start":{"line":22,"column":12},"end":{"line":22,"column":44}}},"fnMap":{"0":{"name":"(anonymous_0)","decl":{"start":{"line":8,"column":26},"end":{"line":8,"column":27}},"loc":{"start":{"line":8,"column":42},"end":{"line":24,"column":5}},"line":8}},"branchMap":{},"s":{"0":2,"1":2,"2":2,"3":2,"4":2,"5":2,"6":2,"7":2,"8":2,"9":1,"10":1},"f":{"0":2},"b":{},"_coverageSchema":"1a1c01bbd47fc00a2c39e90264f33305004495a9","hash":"5c5c63cc26f476197a02ae4fc808b0b9f8ff98cc"}
,"C:\\Users\\syasy\\OneDrive\\Documents\\server\\models\\order.js": {"path":"C:\\Users\\syasy\\OneDrive\\Documents\\server\\models\\order.js","statementMap":{"0":{"start":{"line":1,"column":17},"end":{"line":1,"column":36}},"1":{"start":{"line":3,"column":20},"end":{"line":22,"column":24}},"2":{"start":{"line":24,"column":14},"end":{"line":24,"column":50}},"3":{"start":{"line":26,"column":0},"end":{"line":26,"column":23}}},"fnMap":{},"branchMap":{},"s":{"0":1,"1":1,"2":1,"3":1},"f":{},"b":{},"_coverageSchema":"1a1c01bbd47fc00a2c39e90264f33305004495a9","hash":"913f2cc77e3345660972a623bc25ead337cdca5b"}
}
