TN:
SF:controllers\paymentController.js
FN:5,(anonymous_0)
FN:6,(anonymous_1)
FN:7,(anonymous_2)
FN:52,(anonymous_3)
FN:97,(anonymous_4)
FN:143,(anonymous_5)
FN:144,(anonymous_6)
FN:145,(anonymous_7)
FNF:8
FNH:8
FNDA:1,(anonymous_0)
FNDA:1,(anonymous_1)
FNDA:1,(anonymous_2)
FNDA:1,(anonymous_3)
FNDA:1,(anonymous_4)
FNDA:1,(anonymous_5)
FNDA:1,(anonymous_6)
FNDA:1,(anonymous_7)
DA:1,1
DA:2,1
DA:3,1
DA:5,1
DA:6,1
DA:7,1
DA:8,1
DA:18,1
DA:22,1
DA:30,1
DA:36,1
DA:37,1
DA:39,1
DA:41,0
DA:47,0
DA:48,0
DA:49,0
DA:52,1
DA:53,1
DA:63,1
DA:67,1
DA:75,1
DA:81,1
DA:82,1
DA:84,1
DA:86,0
DA:92,0
DA:93,0
DA:94,0
DA:97,1
DA:98,1
DA:108,1
DA:112,1
DA:120,1
DA:126,1
DA:127,1
DA:129,1
DA:131,0
DA:137,0
DA:138,0
DA:139,0
DA:143,1
DA:144,1
DA:145,1
DA:146,1
DA:151,1
DA:152,1
DA:154,1
DA:164,1
DA:168,1
DA:170,1
DA:172,0
DA:173,0
DA:177,0
DA:178,0
LF:55
LH:39
BRF:0
BRH:0
end_of_record
TN:
SF:lib\xendit.js
FN:8,(anonymous_0)
FNF:1
FNH:1
FNDA:2,(anonymous_0)
DA:1,2
DA:2,2
DA:3,2
DA:4,2
DA:7,2
DA:8,2
DA:9,2
DA:10,2
DA:14,2
DA:20,1
DA:22,1
LF:11
LH:11
BRF:0
BRH:0
end_of_record
TN:
SF:models\order.js
FNF:0
FNH:0
DA:1,1
DA:3,1
DA:24,1
DA:26,1
LF:4
LH:4
BRF:0
BRH:0
end_of_record
