TN:
SF:app.js
FNF:0
FNH:0
DA:1,3
DA:3,3
DA:4,3
DA:5,3
DA:6,3
DA:7,3
DA:9,3
DA:10,3
DA:11,3
DA:12,3
DA:14,3
LF:11
LH:11
BRDA:1,0,0,3
BRDA:1,0,1,0
BRF:2
BRH:1
end_of_record
TN:
SF:config\firebase.js
FNF:0
FNH:0
DA:1,3
DA:2,3
DA:4,3
DA:14,3
DA:15,3
DA:17,3
LF:6
LH:6
BRF:0
BRH:0
end_of_record
TN:
SF:config\mongoConnection.js
FN:11,(anonymous_0)
FNF:1
FNH:1
FNDA:3,(anonymous_0)
DA:1,3
DA:2,3
DA:3,3
DA:7,3
DA:9,3
DA:10,3
DA:11,3
DA:12,3
DA:15,3
LF:9
LH:9
BRDA:3,0,0,3
BRDA:3,0,1,0
BRF:2
BRH:1
end_of_record
TN:
SF:controllers\iotController.js
FN:6,(anonymous_0)
FN:15,(anonymous_1)
FN:25,(anonymous_2)
FNF:3
FNH:3
FNDA:1,(anonymous_0)
FNDA:1,(anonymous_1)
FNDA:2,(anonymous_2)
DA:1,3
DA:2,3
DA:3,3
DA:7,1
DA:8,1
DA:9,1
DA:11,0
DA:16,1
DA:17,1
DA:18,1
DA:19,1
DA:21,0
DA:26,2
DA:27,2
DA:28,2
DA:30,2
DA:31,2
DA:33,1
DA:39,1
DA:40,1
DA:41,1
DA:43,1
DA:45,1
DA:47,1
DA:52,3
LF:25
LH:23
BRDA:31,0,0,1
BRDA:31,0,1,1
BRF:2
BRH:2
end_of_record
TN:
SF:controllers\partnerController.js
FN:8,(anonymous_0)
FN:32,(anonymous_1)
FN:57,(anonymous_2)
FN:91,(anonymous_3)
FN:109,(anonymous_4)
FN:118,(anonymous_5)
FN:129,(anonymous_6)
FN:150,(anonymous_7)
FNF:8
FNH:8
FNDA:1,(anonymous_0)
FNDA:1,(anonymous_1)
FNDA:3,(anonymous_2)
FNDA:2,(anonymous_3)
FNDA:1,(anonymous_4)
FNDA:2,(anonymous_5)
FNDA:4,(anonymous_6)
FNDA:2,(anonymous_7)
DA:1,3
DA:2,3
DA:3,3
DA:4,3
DA:5,3
DA:9,1
DA:10,1
DA:26,1
DA:28,0
DA:33,1
DA:34,1
DA:35,1
DA:51,1
DA:53,0
DA:58,3
DA:59,3
DA:61,3
DA:62,3
DA:63,3
DA:64,2
DA:66,1
DA:67,1
DA:68,1
DA:74,1
DA:79,1
DA:80,1
DA:82,1
DA:83,1
DA:85,1
DA:87,2
DA:92,2
DA:93,2
DA:94,2
DA:96,2
DA:97,2
DA:99,1
DA:100,1
DA:101,1
DA:103,1
DA:105,1
DA:110,1
DA:111,1
DA:112,1
DA:114,0
DA:119,2
DA:120,2
DA:121,2
DA:122,2
DA:123,1
DA:125,1
DA:130,4
DA:131,4
DA:132,4
DA:134,4
DA:135,4
DA:137,3
DA:138,3
DA:139,3
DA:140,3
DA:142,3
DA:144,1
DA:146,3
DA:151,2
DA:152,2
DA:153,2
DA:154,2
DA:155,1
DA:157,1
DA:162,3
LF:69
LH:66
BRDA:63,0,0,1
BRDA:63,0,1,2
BRDA:64,1,0,1
BRDA:64,1,1,1
BRDA:64,2,0,2
BRDA:64,2,1,2
BRDA:97,3,0,1
BRDA:97,3,1,1
BRDA:122,4,0,1
BRDA:122,4,1,1
BRDA:135,5,0,1
BRDA:135,5,1,3
BRDA:154,6,0,1
BRDA:154,6,1,1
BRF:14
BRH:14
end_of_record
TN:
SF:controllers\paymentController.js
FN:12,(anonymous_0)
FN:48,(anonymous_1)
FN:66,(anonymous_2)
FNF:3
FNH:2
FNDA:3,(anonymous_0)
FNDA:0,(anonymous_1)
FNDA:1,(anonymous_2)
DA:1,4
DA:2,4
DA:13,3
DA:15,3
DA:17,3
DA:19,3
DA:20,1
DA:22,2
DA:23,2
DA:26,3
DA:33,3
DA:39,3
DA:41,0
DA:49,0
DA:50,0
DA:51,0
DA:52,0
DA:54,0
DA:55,0
DA:56,0
DA:61,0
DA:62,0
DA:67,1
DA:68,1
DA:69,1
DA:70,1
DA:71,0
DA:73,1
DA:74,0
DA:75,0
DA:76,0
DA:79,0
DA:80,0
DA:85,0
DA:87,0
DA:88,1
DA:89,1
DA:90,1
DA:91,0
DA:94,1
DA:96,1
DA:99,0
DA:104,4
LF:43
LH:23
BRDA:17,0,0,1
BRDA:17,0,1,2
BRDA:19,1,0,1
BRDA:19,1,1,2
BRDA:22,2,0,2
BRDA:22,2,1,0
BRDA:52,3,0,0
BRDA:52,3,1,0
BRDA:70,4,0,0
BRDA:70,4,1,1
BRDA:73,5,0,0
BRDA:73,5,1,1
BRDA:75,6,0,0
BRDA:75,6,1,0
BRDA:79,7,0,0
BRDA:79,7,1,0
BRDA:88,8,0,1
BRDA:88,8,1,0
BRDA:90,9,0,0
BRDA:90,9,1,1
BRF:20
BRH:9
end_of_record
TN:
SF:controllers\userController.js
FN:6,(anonymous_0)
FN:15,(anonymous_1)
FN:26,(anonymous_2)
FN:37,(anonymous_3)
FN:47,(anonymous_4)
FN:69,(anonymous_5)
FN:89,(anonymous_6)
FNF:7
FNH:6
FNDA:1,(anonymous_0)
FNDA:1,(anonymous_1)
FNDA:0,(anonymous_2)
FNDA:1,(anonymous_3)
FNDA:2,(anonymous_4)
FNDA:5,(anonymous_5)
FNDA:2,(anonymous_6)
DA:1,3
DA:2,3
DA:3,3
DA:7,1
DA:8,1
DA:9,1
DA:11,0
DA:16,1
DA:17,1
DA:18,1
DA:20,1
DA:22,0
DA:27,0
DA:28,0
DA:29,0
DA:31,0
DA:33,0
DA:38,1
DA:39,1
DA:40,1
DA:41,1
DA:43,0
DA:48,2
DA:49,2
DA:50,2
DA:52,2
DA:53,2
DA:55,1
DA:56,1
DA:57,1
DA:58,1
DA:60,1
DA:62,1
DA:63,1
DA:65,1
DA:70,5
DA:71,5
DA:72,5
DA:74,3
DA:75,3
DA:77,1
DA:78,1
DA:80,1
DA:81,1
DA:83,1
DA:85,4
DA:90,2
DA:91,2
DA:92,2
DA:94,2
DA:95,2
DA:97,1
DA:98,1
DA:100,1
DA:101,1
DA:103,1
DA:108,3
LF:57
LH:49
BRDA:53,0,0,1
BRDA:53,0,1,1
BRDA:72,1,0,2
BRDA:72,1,1,3
BRDA:72,2,0,5
BRDA:72,2,1,4
BRDA:75,3,0,2
BRDA:75,3,1,1
BRDA:78,4,0,0
BRDA:78,4,1,1
BRDA:95,5,0,1
BRDA:95,5,1,1
BRF:12
BRH:11
end_of_record
TN:
SF:helpers\bcrypt.js
FN:3,(anonymous_0)
FN:4,(anonymous_1)
FNF:2
FNH:2
FNDA:7,(anonymous_0)
FNDA:1,(anonymous_1)
DA:1,3
DA:3,7
DA:4,3
DA:6,3
LF:4
LH:4
BRF:0
BRH:0
end_of_record
TN:
SF:helpers\jwt.js
FN:3,(anonymous_0)
FN:4,(anonymous_1)
FNF:2
FNH:2
FNDA:4,(anonymous_0)
FNDA:17,(anonymous_1)
DA:1,3
DA:3,4
DA:4,17
DA:6,3
LF:4
LH:4
BRF:0
BRH:0
end_of_record
TN:
SF:lib\xendit.js
FN:8,(anonymous_0)
FNF:1
FNH:1
FNDA:2,(anonymous_0)
DA:1,5
DA:2,5
DA:3,5
DA:4,5
DA:7,5
DA:8,5
DA:9,2
DA:10,2
DA:14,2
DA:20,1
DA:22,1
LF:11
LH:11
BRF:0
BRH:0
end_of_record
TN:
SF:middlewares\authentication.js
FN:4,(anonymous_0)
FNF:1
FNH:1
FNDA:18,(anonymous_0)
DA:1,3
DA:2,3
DA:4,3
DA:5,18
DA:6,18
DA:7,18
DA:9,17
DA:11,16
DA:12,16
DA:13,16
DA:15,16
DA:21,16
DA:23,2
DA:27,3
LF:14
LH:14
BRDA:7,0,0,1
BRDA:7,0,1,17
BRDA:13,1,0,0
BRDA:13,1,1,16
BRF:4
BRH:3
end_of_record
TN:
SF:middlewares\errorHandler.js
FN:1,(anonymous_0)
FNF:1
FNH:1
FNDA:17,(anonymous_0)
DA:1,3
DA:2,17
DA:3,17
DA:4,17
DA:7,2
DA:8,2
DA:11,2
DA:12,2
DA:19,1
DA:20,1
DA:23,1
DA:24,1
DA:27,2
DA:28,2
DA:32,2
DA:33,2
DA:37,7
DA:38,7
DA:41,0
DA:42,0
DA:48,3
LF:21
LH:19
BRDA:4,0,0,2
BRDA:4,0,1,2
BRDA:4,0,2,2
BRDA:4,0,3,1
BRDA:4,0,4,1
BRDA:4,0,5,2
BRDA:4,0,6,1
BRDA:4,0,7,2
BRDA:4,0,8,7
BRDA:4,0,9,7
BRDA:4,0,10,0
BRF:11
BRH:10
end_of_record
TN:
SF:models\device.js
FNF:0
FNH:0
DA:1,3
DA:2,3
DA:4,3
DA:23,3
DA:25,3
LF:5
LH:5
BRF:0
BRH:0
end_of_record
TN:
SF:models\harvest.js
FNF:0
FNH:0
DA:1,3
DA:2,3
DA:4,3
DA:26,3
DA:28,3
LF:5
LH:5
BRF:0
BRH:0
end_of_record
TN:
SF:models\history.js
FNF:0
FNH:0
DA:1,3
DA:2,3
DA:4,3
DA:17,3
DA:19,3
LF:5
LH:5
BRF:0
BRH:0
end_of_record
TN:
SF:models\iot.js
FN:5,(anonymous_0)
FN:16,(anonymous_1)
FNF:2
FNH:2
FNDA:1,(anonymous_0)
FNDA:1,(anonymous_1)
DA:1,3
DA:2,3
DA:6,1
DA:7,1
DA:8,1
DA:9,1
DA:10,1
DA:12,0
DA:17,1
DA:18,1
DA:19,1
DA:20,1
DA:21,1
DA:23,0
DA:28,3
LF:15
LH:13
BRF:0
BRH:0
end_of_record
TN:
SF:models\order.js
FNF:0
FNH:0
DA:1,4
DA:3,4
DA:24,4
DA:26,4
LF:4
LH:4
BRF:0
BRH:0
end_of_record
TN:
SF:models\pond.js
FNF:0
FNH:0
DA:1,3
DA:2,3
DA:4,3
DA:35,3
DA:37,3
LF:5
LH:5
BRF:0
BRH:0
end_of_record
TN:
SF:models\user.js
FN:41,(anonymous_0)
FNF:1
FNH:1
FNDA:11,(anonymous_0)
DA:1,3
DA:2,3
DA:3,3
DA:5,3
DA:41,3
DA:42,11
DA:43,7
DA:44,7
DA:47,3
DA:49,3
LF:10
LH:10
BRDA:42,0,0,4
BRDA:42,0,1,7
BRF:2
BRH:2
end_of_record
TN:
SF:routers\index.js
FN:12,(anonymous_0)
FNF:1
FNH:0
FNDA:0,(anonymous_0)
DA:1,3
DA:2,3
DA:3,3
DA:4,3
DA:5,3
DA:6,3
DA:7,3
DA:10,3
DA:11,3
DA:12,3
DA:13,3
DA:14,3
DA:15,3
DA:18,3
LF:14
LH:14
BRF:0
BRH:0
end_of_record
TN:
SF:routers\iot.js
FNF:0
FNH:0
DA:1,3
DA:2,3
DA:4,3
DA:5,3
DA:6,3
DA:8,3
LF:6
LH:6
BRF:0
BRH:0
end_of_record
TN:
SF:routers\partners.js
FNF:0
FNH:0
DA:1,3
DA:2,3
DA:4,3
DA:5,3
DA:6,3
DA:7,3
DA:8,3
DA:9,3
DA:10,3
DA:11,3
DA:13,3
LF:11
LH:11
BRF:0
BRH:0
end_of_record
TN:
SF:routers\payment.js
FNF:0
FNH:0
DA:1,3
DA:2,3
DA:4,3
DA:5,3
DA:7,3
LF:5
LH:5
BRF:0
BRH:0
end_of_record
TN:
SF:routers\users.js
FNF:0
FNH:0
DA:1,3
DA:2,3
DA:3,3
DA:5,3
DA:6,3
DA:7,3
DA:8,3
DA:9,3
DA:10,3
DA:11,3
DA:13,3
LF:11
LH:11
BRF:0
BRH:0
end_of_record
